<?xml version="1.0" encoding="UTF-8"?>
<!-- Generated by org.testng.reporters.JUnitXMLReporter -->
<testsuite hostname="MUSTAFA-MacBook-Air.local" ignored="2" tests="0" failures="0" timestamp="2021-03-08T03:41:50 EET" time="0.017" errors="0">
  <testcase name="loginTest2" time="0.0" classname="com.qa.orangehrm.tests.LoginPageTest">
    <ignored/>
  </testcase> <!-- loginTest2 -->
  <testcase name="loginTest" time="0.0" classname="com.qa.orangehrm.tests.LoginPageTest">
    <ignored/>
  </testcase> <!-- loginTest -->
</testsuite>
