<?xml version="1.0" encoding="UTF-8"?>
<!-- Generated by org.testng.reporters.JUnitXMLReporter -->
<testsuite hostname="MUSTAFA-MacBook-Air.local" ignored="0" name="Parallel Test" tests="10" failures="0" timestamp="2021-03-17T03:42:30 EET" time="213.308" errors="0">
  <testcase name="addEmployee_3" time="10.873" classname="com.qa.orangehrm.tests.AddEmployeeTest"/>
  <testcase name="addEmployee_3" time="5.88" classname="com.qa.orangehrm.tests.AddEmployeeTest"/>
  <testcase name="addEmployee_3" time="5.898" classname="com.qa.orangehrm.tests.AddEmployeeTest"/>
  <testcase name="addEmployee_3" time="5.792" classname="com.qa.orangehrm.tests.AddEmployeeTest"/>
  <testcase name="addEmployee_3" time="5.832" classname="com.qa.orangehrm.tests.AddEmployeeTest"/>
  <testcase name="checkEmployeeTest" time="11.422" classname="com.qa.orangehrm.tests.AddEmployeeTest"/>
  <testcase name="checkEmployeeTest" time="11.548" classname="com.qa.orangehrm.tests.AddEmployeeTest"/>
  <testcase name="checkEmployeeTest" time="11.63" classname="com.qa.orangehrm.tests.AddEmployeeTest"/>
  <testcase name="checkEmployeeTest" time="11.409" classname="com.qa.orangehrm.tests.AddEmployeeTest"/>
  <testcase name="checkEmployeeTest" time="11.415" classname="com.qa.orangehrm.tests.AddEmployeeTest"/>
</testsuite> <!-- Parallel Test -->
