<?xml version="1.0" encoding="UTF-8"?>
<testng-results skipped="0" failed="0" ignored="0" total="10" passed="10">
  <reporter-output>
  </reporter-output>
  <suite name="AddEmployee Suite" duration-ms="213308" started-at="2021-03-17T03:38:52 EET" finished-at="2021-03-17T03:42:25 EET">
    <groups>
    </groups>
    <test name="Parallel Test" duration-ms="213308" started-at="2021-03-17T03:38:52 EET" finished-at="2021-03-17T03:42:25 EET">
      <class name="com.qa.orangehrm.tests.AddEmployeeTest">
        <test-method status="PASS" signature="setUp(java.lang.String)[pri:0, instance:com.qa.orangehrm.tests.AddEmployeeTest@64712be]" name="setUp" is-config="true" duration-ms="13332" started-at="2021-03-17T03:38:52 EET" finished-at="2021-03-17T03:39:06 EET">
          <params>
            <param index="0">
              <value>
                <![CDATA[chrome]]>
              </value>
            </param>
          </params>
          <reporter-output>
          </reporter-output>
        </test-method> <!-- setUp -->
        <test-method status="PASS" signature="addEmployee_3(java.lang.String, java.lang.String)[pri:0, instance:com.qa.orangehrm.tests.AddEmployeeTest@64712be]" name="addEmployee_3" duration-ms="10873" started-at="2021-03-17T03:39:06 EET" data-provider="getEmployees2" finished-at="2021-03-17T03:39:17 EET">
          <params>
            <param index="0">
              <value>
                <![CDATA[bulut]]>
              </value>
            </param>
            <param index="1">
              <value>
                <![CDATA[akın]]>
              </value>
            </param>
          </params>
          <reporter-output>
          </reporter-output>
        </test-method> <!-- addEmployee_3 -->
        <test-method status="PASS" signature="tearDown()[pri:0, instance:com.qa.orangehrm.tests.AddEmployeeTest@64712be]" name="tearDown" is-config="true" duration-ms="97" started-at="2021-03-17T03:39:17 EET" finished-at="2021-03-17T03:39:17 EET">
          <reporter-output>
          </reporter-output>
        </test-method> <!-- tearDown -->
        <test-method status="PASS" signature="setUp(java.lang.String)[pri:0, instance:com.qa.orangehrm.tests.AddEmployeeTest@64712be]" name="setUp" is-config="true" duration-ms="11815" started-at="2021-03-17T03:39:17 EET" finished-at="2021-03-17T03:39:29 EET">
          <params>
            <param index="0">
              <value>
                <![CDATA[chrome]]>
              </value>
            </param>
          </params>
          <reporter-output>
          </reporter-output>
        </test-method> <!-- setUp -->
        <test-method status="PASS" signature="addEmployee_3(java.lang.String, java.lang.String)[pri:0, instance:com.qa.orangehrm.tests.AddEmployeeTest@64712be]" name="addEmployee_3" duration-ms="5880" started-at="2021-03-17T03:39:29 EET" data-provider="getEmployees2" finished-at="2021-03-17T03:39:35 EET">
          <params>
            <param index="0">
              <value>
                <![CDATA[salih]]>
              </value>
            </param>
            <param index="1">
              <value>
                <![CDATA[foça]]>
              </value>
            </param>
          </params>
          <reporter-output>
          </reporter-output>
        </test-method> <!-- addEmployee_3 -->
        <test-method status="PASS" signature="tearDown()[pri:0, instance:com.qa.orangehrm.tests.AddEmployeeTest@64712be]" name="tearDown" is-config="true" duration-ms="91" started-at="2021-03-17T03:39:35 EET" finished-at="2021-03-17T03:39:35 EET">
          <reporter-output>
          </reporter-output>
        </test-method> <!-- tearDown -->
        <test-method status="PASS" signature="setUp(java.lang.String)[pri:0, instance:com.qa.orangehrm.tests.AddEmployeeTest@64712be]" name="setUp" is-config="true" duration-ms="11587" started-at="2021-03-17T03:39:35 EET" finished-at="2021-03-17T03:39:46 EET">
          <params>
            <param index="0">
              <value>
                <![CDATA[chrome]]>
              </value>
            </param>
          </params>
          <reporter-output>
          </reporter-output>
        </test-method> <!-- setUp -->
        <test-method status="PASS" signature="addEmployee_3(java.lang.String, java.lang.String)[pri:0, instance:com.qa.orangehrm.tests.AddEmployeeTest@64712be]" name="addEmployee_3" duration-ms="5898" started-at="2021-03-17T03:39:46 EET" data-provider="getEmployees2" finished-at="2021-03-17T03:39:52 EET">
          <params>
            <param index="0">
              <value>
                <![CDATA[talip]]>
              </value>
            </param>
            <param index="1">
              <value>
                <![CDATA[kalem]]>
              </value>
            </param>
          </params>
          <reporter-output>
          </reporter-output>
        </test-method> <!-- addEmployee_3 -->
        <test-method status="PASS" signature="tearDown()[pri:0, instance:com.qa.orangehrm.tests.AddEmployeeTest@64712be]" name="tearDown" is-config="true" duration-ms="92" started-at="2021-03-17T03:39:52 EET" finished-at="2021-03-17T03:39:52 EET">
          <reporter-output>
          </reporter-output>
        </test-method> <!-- tearDown -->
        <test-method status="PASS" signature="setUp(java.lang.String)[pri:0, instance:com.qa.orangehrm.tests.AddEmployeeTest@64712be]" name="setUp" is-config="true" duration-ms="11963" started-at="2021-03-17T03:39:52 EET" finished-at="2021-03-17T03:40:04 EET">
          <params>
            <param index="0">
              <value>
                <![CDATA[chrome]]>
              </value>
            </param>
          </params>
          <reporter-output>
          </reporter-output>
        </test-method> <!-- setUp -->
        <test-method status="PASS" signature="addEmployee_3(java.lang.String, java.lang.String)[pri:0, instance:com.qa.orangehrm.tests.AddEmployeeTest@64712be]" name="addEmployee_3" duration-ms="5792" started-at="2021-03-17T03:40:04 EET" data-provider="getEmployees2" finished-at="2021-03-17T03:40:10 EET">
          <params>
            <param index="0">
              <value>
                <![CDATA[sena]]>
              </value>
            </param>
            <param index="1">
              <value>
                <![CDATA[bala]]>
              </value>
            </param>
          </params>
          <reporter-output>
          </reporter-output>
        </test-method> <!-- addEmployee_3 -->
        <test-method status="PASS" signature="tearDown()[pri:0, instance:com.qa.orangehrm.tests.AddEmployeeTest@64712be]" name="tearDown" is-config="true" duration-ms="94" started-at="2021-03-17T03:40:10 EET" finished-at="2021-03-17T03:40:10 EET">
          <reporter-output>
          </reporter-output>
        </test-method> <!-- tearDown -->
        <test-method status="PASS" signature="setUp(java.lang.String)[pri:0, instance:com.qa.orangehrm.tests.AddEmployeeTest@64712be]" name="setUp" is-config="true" duration-ms="11841" started-at="2021-03-17T03:40:10 EET" finished-at="2021-03-17T03:40:22 EET">
          <params>
            <param index="0">
              <value>
                <![CDATA[chrome]]>
              </value>
            </param>
          </params>
          <reporter-output>
          </reporter-output>
        </test-method> <!-- setUp -->
        <test-method status="PASS" signature="addEmployee_3(java.lang.String, java.lang.String)[pri:0, instance:com.qa.orangehrm.tests.AddEmployeeTest@64712be]" name="addEmployee_3" duration-ms="5832" started-at="2021-03-17T03:40:22 EET" data-provider="getEmployees2" finished-at="2021-03-17T03:40:28 EET">
          <params>
            <param index="0">
              <value>
                <![CDATA[feride]]>
              </value>
            </param>
            <param index="1">
              <value>
                <![CDATA[kara]]>
              </value>
            </param>
          </params>
          <reporter-output>
          </reporter-output>
        </test-method> <!-- addEmployee_3 -->
        <test-method status="PASS" signature="tearDown()[pri:0, instance:com.qa.orangehrm.tests.AddEmployeeTest@64712be]" name="tearDown" is-config="true" duration-ms="93" started-at="2021-03-17T03:40:28 EET" finished-at="2021-03-17T03:40:28 EET">
          <reporter-output>
          </reporter-output>
        </test-method> <!-- tearDown -->
        <test-method status="PASS" signature="setUp(java.lang.String)[pri:0, instance:com.qa.orangehrm.tests.AddEmployeeTest@64712be]" name="setUp" is-config="true" duration-ms="11962" started-at="2021-03-17T03:40:28 EET" finished-at="2021-03-17T03:40:40 EET">
          <params>
            <param index="0">
              <value>
                <![CDATA[chrome]]>
              </value>
            </param>
          </params>
          <reporter-output>
          </reporter-output>
        </test-method> <!-- setUp -->
        <test-method status="PASS" signature="checkEmployeeTest(java.lang.String, java.lang.String)[pri:0, instance:com.qa.orangehrm.tests.AddEmployeeTest@64712be]" name="checkEmployeeTest" duration-ms="11422" started-at="2021-03-17T03:40:40 EET" data-provider="getEmployees2" finished-at="2021-03-17T03:40:51 EET">
          <params>
            <param index="0">
              <value>
                <![CDATA[bulut]]>
              </value>
            </param>
            <param index="1">
              <value>
                <![CDATA[akın]]>
              </value>
            </param>
          </params>
          <reporter-output>
          </reporter-output>
        </test-method> <!-- checkEmployeeTest -->
        <test-method status="PASS" signature="tearDown()[pri:0, instance:com.qa.orangehrm.tests.AddEmployeeTest@64712be]" name="tearDown" is-config="true" duration-ms="93" started-at="2021-03-17T03:40:51 EET" finished-at="2021-03-17T03:40:51 EET">
          <reporter-output>
          </reporter-output>
        </test-method> <!-- tearDown -->
        <test-method status="PASS" signature="setUp(java.lang.String)[pri:0, instance:com.qa.orangehrm.tests.AddEmployeeTest@64712be]" name="setUp" is-config="true" duration-ms="12008" started-at="2021-03-17T03:40:51 EET" finished-at="2021-03-17T03:41:03 EET">
          <params>
            <param index="0">
              <value>
                <![CDATA[chrome]]>
              </value>
            </param>
          </params>
          <reporter-output>
          </reporter-output>
        </test-method> <!-- setUp -->
        <test-method status="PASS" signature="checkEmployeeTest(java.lang.String, java.lang.String)[pri:0, instance:com.qa.orangehrm.tests.AddEmployeeTest@64712be]" name="checkEmployeeTest" duration-ms="11548" started-at="2021-03-17T03:41:03 EET" data-provider="getEmployees2" finished-at="2021-03-17T03:41:15 EET">
          <params>
            <param index="0">
              <value>
                <![CDATA[salih]]>
              </value>
            </param>
            <param index="1">
              <value>
                <![CDATA[foça]]>
              </value>
            </param>
          </params>
          <reporter-output>
          </reporter-output>
        </test-method> <!-- checkEmployeeTest -->
        <test-method status="PASS" signature="tearDown()[pri:0, instance:com.qa.orangehrm.tests.AddEmployeeTest@64712be]" name="tearDown" is-config="true" duration-ms="93" started-at="2021-03-17T03:41:15 EET" finished-at="2021-03-17T03:41:15 EET">
          <reporter-output>
          </reporter-output>
        </test-method> <!-- tearDown -->
        <test-method status="PASS" signature="setUp(java.lang.String)[pri:0, instance:com.qa.orangehrm.tests.AddEmployeeTest@64712be]" name="setUp" is-config="true" duration-ms="11853" started-at="2021-03-17T03:41:15 EET" finished-at="2021-03-17T03:41:27 EET">
          <params>
            <param index="0">
              <value>
                <![CDATA[chrome]]>
              </value>
            </param>
          </params>
          <reporter-output>
          </reporter-output>
        </test-method> <!-- setUp -->
        <test-method status="PASS" signature="checkEmployeeTest(java.lang.String, java.lang.String)[pri:0, instance:com.qa.orangehrm.tests.AddEmployeeTest@64712be]" name="checkEmployeeTest" duration-ms="11630" started-at="2021-03-17T03:41:27 EET" data-provider="getEmployees2" finished-at="2021-03-17T03:41:39 EET">
          <params>
            <param index="0">
              <value>
                <![CDATA[talip]]>
              </value>
            </param>
            <param index="1">
              <value>
                <![CDATA[kalem]]>
              </value>
            </param>
          </params>
          <reporter-output>
          </reporter-output>
        </test-method> <!-- checkEmployeeTest -->
        <test-method status="PASS" signature="tearDown()[pri:0, instance:com.qa.orangehrm.tests.AddEmployeeTest@64712be]" name="tearDown" is-config="true" duration-ms="93" started-at="2021-03-17T03:41:39 EET" finished-at="2021-03-17T03:41:39 EET">
          <reporter-output>
          </reporter-output>
        </test-method> <!-- tearDown -->
        <test-method status="PASS" signature="setUp(java.lang.String)[pri:0, instance:com.qa.orangehrm.tests.AddEmployeeTest@64712be]" name="setUp" is-config="true" duration-ms="11655" started-at="2021-03-17T03:41:39 EET" finished-at="2021-03-17T03:41:50 EET">
          <params>
            <param index="0">
              <value>
                <![CDATA[chrome]]>
              </value>
            </param>
          </params>
          <reporter-output>
          </reporter-output>
        </test-method> <!-- setUp -->
        <test-method status="PASS" signature="checkEmployeeTest(java.lang.String, java.lang.String)[pri:0, instance:com.qa.orangehrm.tests.AddEmployeeTest@64712be]" name="checkEmployeeTest" duration-ms="11409" started-at="2021-03-17T03:41:50 EET" data-provider="getEmployees2" finished-at="2021-03-17T03:42:02 EET">
          <params>
            <param index="0">
              <value>
                <![CDATA[sena]]>
              </value>
            </param>
            <param index="1">
              <value>
                <![CDATA[bala]]>
              </value>
            </param>
          </params>
          <reporter-output>
          </reporter-output>
        </test-method> <!-- checkEmployeeTest -->
        <test-method status="PASS" signature="tearDown()[pri:0, instance:com.qa.orangehrm.tests.AddEmployeeTest@64712be]" name="tearDown" is-config="true" duration-ms="91" started-at="2021-03-17T03:42:02 EET" finished-at="2021-03-17T03:42:02 EET">
          <reporter-output>
          </reporter-output>
        </test-method> <!-- tearDown -->
        <test-method status="PASS" signature="setUp(java.lang.String)[pri:0, instance:com.qa.orangehrm.tests.AddEmployeeTest@64712be]" name="setUp" is-config="true" duration-ms="11622" started-at="2021-03-17T03:42:02 EET" finished-at="2021-03-17T03:42:13 EET">
          <params>
            <param index="0">
              <value>
                <![CDATA[chrome]]>
              </value>
            </param>
          </params>
          <reporter-output>
          </reporter-output>
        </test-method> <!-- setUp -->
        <test-method status="PASS" signature="checkEmployeeTest(java.lang.String, java.lang.String)[pri:0, instance:com.qa.orangehrm.tests.AddEmployeeTest@64712be]" name="checkEmployeeTest" duration-ms="11415" started-at="2021-03-17T03:42:13 EET" data-provider="getEmployees2" finished-at="2021-03-17T03:42:25 EET">
          <params>
            <param index="0">
              <value>
                <![CDATA[feride]]>
              </value>
            </param>
            <param index="1">
              <value>
                <![CDATA[kara]]>
              </value>
            </param>
          </params>
          <reporter-output>
          </reporter-output>
        </test-method> <!-- checkEmployeeTest -->
        <test-method status="PASS" signature="tearDown()[pri:0, instance:com.qa.orangehrm.tests.AddEmployeeTest@64712be]" name="tearDown" is-config="true" duration-ms="94" started-at="2021-03-17T03:42:25 EET" finished-at="2021-03-17T03:42:25 EET">
          <reporter-output>
          </reporter-output>
        </test-method> <!-- tearDown -->
      </class> <!-- com.qa.orangehrm.tests.AddEmployeeTest -->
    </test> <!-- Parallel Test -->
  </suite> <!-- AddEmployee Suite -->
</testng-results>
